<?xml version="1.0" encoding="UTF-8"?>
<testsuite name="com.example.project.TestPoint" tests="3" skipped="0" failures="0" errors="0" timestamp="2025-01-07T05:47:33" hostname="codespaces-c220d5" time="0.037">
  <properties/>
  <testcase name="testPointInfo()" classname="com.example.project.TestPoint" time="0.026"/>
  <testcase name="testDistanceTo()" classname="com.example.project.TestPoint" time="0.004"/>
  <testcase name="testConstructor()" classname="com.example.project.TestPoint" time="0.003"/>
  <system-out><![CDATA[]]></system-out>
  <system-err><![CDATA[]]></system-err>
</testsuite>
