<?xml version="1.0" encoding="UTF-8"?>
<testsuite name="com.example.project.TestFibonacci" tests="5" skipped="0" failures="0" errors="0" timestamp="2025-01-08T13:12:26" hostname="codespaces-c220d5" time="0.125">
  <properties/>
  <testcase name="testGetIndexOf()" classname="com.example.project.TestFibonacci" time="0.037"/>
  <testcase name="testGetSequence()" classname="com.example.project.TestFibonacci" time="0.004"/>
  <testcase name="testExtendBy()" classname="com.example.project.TestFibonacci" time="0.005"/>
  <testcase name="testFibonacciString()" classname="com.example.project.TestFibonacci" time="0.041"/>
  <testcase name="testConstructor()" classname="com.example.project.TestFibonacci" time="0.002"/>
  <system-out><![CDATA[]]></system-out>
  <system-err><![CDATA[]]></system-err>
</testsuite>
